[2026-03-17T13:47:10.473924+00:00] app.INFO: http.request_received {"method":"GET","path":"/api/items"} []
[2026-03-17T13:47:10.479516+00:00] app.INFO: http.controller_resolved {"controller":"WebApp\\Http\\Controllers\\ItemsController::index"} []
[2026-03-17T13:47:10.482162+00:00] app.INFO: http.response_ready {"status":200} []
[2026-03-17T14:09:12.425338+00:00] app.INFO: http.request_received {"method":"GET","path":"/api/items"} []
[2026-03-17T14:09:12.436719+00:00] app.INFO: http.controller_resolved {"controller":"WebApp\\Http\\Controllers\\ItemsController::index"} []
[2026-03-17T14:09:12.441921+00:00] app.INFO: http.response_ready {"status":200} []
[2026-03-17T14:36:29.791427+00:00] app.INFO: http.request_received {"method":"GET","path":"/api/items"} []
[2026-03-17T14:36:29.797087+00:00] app.ERROR: Unhandled exception {"method":"GET","path":"/api/items","message":"JWT secret is not configured. Set JWT_SECRET or APP_KEY.","exception":"RuntimeException"} []
[2026-03-17T14:36:31.220889+00:00] app.INFO: http.request_received {"method":"GET","path":"/api/items"} []
[2026-03-17T14:36:31.224111+00:00] app.ERROR: Unhandled exception {"method":"GET","path":"/api/items","message":"JWT secret is not configured. Set JWT_SECRET or APP_KEY.","exception":"RuntimeException"} []
[2026-03-17T14:37:13.550413+00:00] app.INFO: http.request_received {"method":"POST","path":"/api/auth/token"} []
[2026-03-17T14:37:13.553807+00:00] app.INFO: http.controller_resolved {"controller":"WebApp\\Http\\Controllers\\AuthController::token"} []
[2026-03-17T14:37:13.554320+00:00] app.ERROR: Unhandled exception {"method":"POST","path":"/api/auth/token","message":"JWT secret is not configured. Set JWT_SECRET or APP_KEY.","exception":"RuntimeException"} []
[2026-03-17T14:38:53.644085+00:00] app.INFO: http.request_received {"method":"POST","path":"/api/auth/token"} []
[2026-03-17T14:38:53.649224+00:00] app.INFO: http.controller_resolved {"controller":"WebApp\\Http\\Controllers\\AuthController::token"} []
[2026-03-17T14:38:53.650960+00:00] app.ERROR: Unhandled exception {"method":"POST","path":"/api/auth/token","message":"Provided key is too short","exception":"DomainException"} []
[2026-03-17T14:38:54.654535+00:00] app.INFO: http.request_received {"method":"POST","path":"/api/auth/token"} []
[2026-03-17T14:38:54.657277+00:00] app.INFO: http.controller_resolved {"controller":"WebApp\\Http\\Controllers\\AuthController::token"} []
[2026-03-17T14:38:54.658317+00:00] app.ERROR: Unhandled exception {"method":"POST","path":"/api/auth/token","message":"Provided key is too short","exception":"DomainException"} []
[2026-03-17T14:39:31.801971+00:00] app.INFO: http.request_received {"method":"POST","path":"/api/auth/token"} []
[2026-03-17T14:39:31.807643+00:00] app.INFO: http.controller_resolved {"controller":"WebApp\\Http\\Controllers\\AuthController::token"} []
[2026-03-17T14:39:31.808945+00:00] app.ERROR: Unhandled exception {"method":"POST","path":"/api/auth/token","message":"Provided key is too short","exception":"DomainException"} []
[2026-03-17T14:39:32.792911+00:00] app.INFO: http.request_received {"method":"POST","path":"/api/auth/token"} []
[2026-03-17T14:39:32.795576+00:00] app.INFO: http.controller_resolved {"controller":"WebApp\\Http\\Controllers\\AuthController::token"} []
[2026-03-17T14:39:32.796717+00:00] app.ERROR: Unhandled exception {"method":"POST","path":"/api/auth/token","message":"Provided key is too short","exception":"DomainException"} []
[2026-03-17T14:42:23.441571+00:00] app.INFO: http.request_received {"method":"POST","path":"/api/auth/token"} []
[2026-03-17T14:42:23.444337+00:00] app.INFO: http.controller_resolved {"controller":"WebApp\\Http\\Controllers\\AuthController::token"} []
[2026-03-17T14:42:23.445534+00:00] app.ERROR: Unhandled exception {"method":"POST","path":"/api/auth/token","message":"Provided key is too short","exception":"DomainException"} []
[2026-03-17T14:42:30.876957+00:00] app.INFO: http.request_received {"method":"POST","path":"/api/auth/token"} []
[2026-03-17T14:42:30.879668+00:00] app.INFO: http.controller_resolved {"controller":"WebApp\\Http\\Controllers\\AuthController::token"} []
[2026-03-17T14:42:30.880779+00:00] app.ERROR: Unhandled exception {"method":"POST","path":"/api/auth/token","message":"Provided key is too short","exception":"DomainException"} []
[2026-03-17T14:42:37.498549+00:00] app.INFO: http.request_received {"method":"POST","path":"/api/auth/token"} []
[2026-03-17T14:42:37.501133+00:00] app.INFO: http.controller_resolved {"controller":"WebApp\\Http\\Controllers\\AuthController::token"} []
[2026-03-17T14:42:37.502169+00:00] app.ERROR: Unhandled exception {"method":"POST","path":"/api/auth/token","message":"Provided key is too short","exception":"DomainException"} []
[2026-03-17T14:42:53.879270+00:00] app.INFO: http.request_received {"method":"POST","path":"/api/auth/token"} []
[2026-03-17T14:42:53.882186+00:00] app.INFO: http.controller_resolved {"controller":"WebApp\\Http\\Controllers\\AuthController::token"} []
[2026-03-17T14:42:53.885272+00:00] app.INFO: http.response_ready {"status":200} []
[2026-03-17T14:42:53.885431+00:00] app.INFO: http.request_received {"method":"GET","path":"/api/items"} []
[2026-03-17T14:42:53.886711+00:00] app.INFO: http.controller_resolved {"controller":"WebApp\\Http\\Controllers\\ItemsController::index"} []
[2026-03-17T14:42:53.887097+00:00] app.INFO: http.response_ready {"status":200} []
[2026-03-17T14:42:54.726140+00:00] app.INFO: http.request_received {"method":"POST","path":"/api/auth/token"} []
[2026-03-17T14:42:54.728767+00:00] app.INFO: http.controller_resolved {"controller":"WebApp\\Http\\Controllers\\AuthController::token"} []
[2026-03-17T14:42:54.731385+00:00] app.INFO: http.response_ready {"status":200} []
[2026-03-17T14:42:54.732185+00:00] app.INFO: http.request_received {"method":"GET","path":"/api/items"} []
[2026-03-17T14:42:54.732600+00:00] app.INFO: http.controller_resolved {"controller":"WebApp\\Http\\Controllers\\ItemsController::index"} []
[2026-03-17T14:42:54.732810+00:00] app.INFO: http.response_ready {"status":200} []
[2026-03-17T14:49:53.315915+00:00] app.INFO: http.request_received {"method":"POST","path":"/api/auth/token"} []
[2026-03-17T14:49:53.321289+00:00] app.INFO: http.controller_resolved {"controller":"WebApp\\Http\\Controllers\\AuthController::token"} []
[2026-03-17T14:49:53.325020+00:00] app.INFO: http.response_ready {"status":200} []
[2026-03-17T14:49:53.325121+00:00] app.INFO: http.request_received {"method":"GET","path":"/api/items"} []
[2026-03-17T14:49:53.325293+00:00] app.INFO: http.controller_resolved {"controller":"WebApp\\Http\\Controllers\\ItemsController::index"} []
[2026-03-17T14:49:53.325679+00:00] app.INFO: http.response_ready {"status":200} []
[2026-03-17T14:51:22.410712+00:00] app.ERROR: Unhandled exception {"method":"GET","path":"/","message":"Not Found","exception":"WebApp\\Http\\Exception\\NotFoundHttpException"} []
[2026-03-17T15:02:48.920287+00:00] app.INFO: http.request_received {"method":"POST","path":"/api/auth/token"} []
[2026-03-17T15:02:48.927514+00:00] app.INFO: http.controller_resolved {"controller":"WebApp\\Http\\Controllers\\AuthController::token"} []
[2026-03-17T15:02:48.932324+00:00] app.INFO: http.response_ready {"status":200} []
[2026-03-17T15:02:48.932457+00:00] app.INFO: http.request_received {"method":"GET","path":"/api/items"} []
[2026-03-17T15:02:48.932653+00:00] app.INFO: http.controller_resolved {"controller":"WebApp\\Http\\Controllers\\ItemsController::index"} []
[2026-03-17T15:02:48.933186+00:00] app.INFO: http.response_ready {"status":200} []
[2026-03-17T15:02:49.275702+00:00] app.INFO: http.request_received {"method":"POST","path":"/api/auth/token"} []
[2026-03-17T15:02:49.278247+00:00] app.INFO: http.controller_resolved {"controller":"WebApp\\Http\\Controllers\\AuthController::token"} []
[2026-03-17T15:02:49.280687+00:00] app.INFO: http.response_ready {"status":200} []
[2026-03-17T15:02:49.281462+00:00] app.INFO: http.request_received {"method":"GET","path":"/api/items"} []
[2026-03-17T15:02:49.281690+00:00] app.INFO: http.controller_resolved {"controller":"WebApp\\Http\\Controllers\\ItemsController::index"} []
[2026-03-17T15:02:49.281961+00:00] app.INFO: http.response_ready {"status":200} []
[2026-03-17T15:13:21.170932+00:00] app.INFO: http.request_received {"method":"POST","path":"/api/auth/token"} []
[2026-03-17T15:13:21.176747+00:00] app.INFO: http.controller_resolved {"controller":"WebApp\\Http\\Controllers\\AuthController::token"} []
[2026-03-17T15:13:21.181322+00:00] app.INFO: http.response_ready {"status":200} []
[2026-03-17T15:13:21.181464+00:00] app.INFO: http.request_received {"method":"GET","path":"/api/secure/ping"} []
[2026-03-17T15:13:21.182271+00:00] app.INFO: http.controller_resolved {"controller":"WebApp\\Http\\Controllers\\AuthController::ping"} []
[2026-03-17T15:13:21.182390+00:00] app.INFO: http.response_ready {"status":200} []
[2026-03-17T15:13:21.673428+00:00] app.INFO: http.request_received {"method":"POST","path":"/api/auth/token"} []
[2026-03-17T15:13:21.678204+00:00] app.INFO: http.controller_resolved {"controller":"WebApp\\Http\\Controllers\\AuthController::token"} []
[2026-03-17T15:13:21.682739+00:00] app.INFO: http.response_ready {"status":200} []
[2026-03-17T15:13:21.685556+00:00] app.INFO: http.request_received {"method":"GET","path":"/api/secure/ping"} []
[2026-03-17T15:13:21.686323+00:00] app.INFO: http.controller_resolved {"controller":"WebApp\\Http\\Controllers\\AuthController::ping"} []
[2026-03-17T15:13:21.686466+00:00] app.INFO: http.response_ready {"status":200} []
[2026-03-17T15:23:56.634395+00:00] app.INFO: http.request_received {"method":"POST","path":"/api/auth/token"} []
[2026-03-17T15:23:56.639770+00:00] app.INFO: http.controller_resolved {"controller":"WebApp\\Http\\Controllers\\AuthController::token"} []
[2026-03-17T15:23:56.643921+00:00] app.INFO: http.response_ready {"status":200} []
[2026-03-17T15:23:56.644056+00:00] app.INFO: http.request_received {"method":"GET","path":"/api/secure/ping"} []
[2026-03-17T15:23:56.644752+00:00] app.INFO: http.controller_resolved {"controller":"WebApp\\Http\\Controllers\\AuthController::ping"} []
[2026-03-17T15:23:56.644882+00:00] app.INFO: http.response_ready {"status":200} []
[2026-03-17T15:36:28.312954+00:00] app.INFO: http.request_received {"method":"POST","path":"/api/auth/token"} []
[2026-03-17T15:36:28.320737+00:00] app.INFO: http.controller_resolved {"controller":"WebApp\\Http\\Controllers\\AuthController::token"} []
[2026-03-17T15:36:28.325557+00:00] app.INFO: http.response_ready {"status":200} []
[2026-03-17T15:36:28.325695+00:00] app.INFO: http.request_received {"method":"GET","path":"/api/secure/ping"} []
[2026-03-17T15:36:28.326477+00:00] app.INFO: http.controller_resolved {"controller":"WebApp\\Http\\Controllers\\AuthController::ping"} []
[2026-03-17T15:36:28.326611+00:00] app.INFO: http.response_ready {"status":200} []
[2026-03-17T16:11:56.931614+00:00] app.INFO: http.request_received {"method":"GET","path":"/"} []
[2026-03-17T16:11:56.942303+00:00] app.INFO: http.controller_resolved {"controller":"WebApp\\Http\\Controllers\\HomeController::index"} []
[2026-03-17T16:11:56.990880+00:00] app.INFO: http.response_ready {"status":200} []
[2026-03-17T16:11:57.009609+00:00] app.INFO: http.request_received {"method":"GET","path":"/logo.png"} []
[2026-03-17T16:11:57.012078+00:00] app.ERROR: Unhandled exception {"method":"GET","path":"/logo.png","message":"Not Found","exception":"WebApp\\Http\\Exception\\NotFoundHttpException"} []
[2026-03-17T16:11:57.198038+00:00] app.INFO: http.request_received {"method":"GET","path":"/logo.png"} []
[2026-03-17T16:11:57.198606+00:00] app.ERROR: Unhandled exception {"method":"GET","path":"/logo.png","message":"Not Found","exception":"WebApp\\Http\\Exception\\NotFoundHttpException"} []
[2026-03-17T16:12:03.612316+00:00] app.INFO: http.request_received {"method":"GET","path":"/docs"} []
[2026-03-17T16:12:03.612833+00:00] app.INFO: http.controller_resolved {"controller":"WebApp\\Http\\Controllers\\DocsController::index"} []
[2026-03-17T16:12:03.614151+00:00] app.INFO: http.response_ready {"status":200} []
[2026-03-17T16:12:24.366693+00:00] app.INFO: http.request_received {"method":"GET","path":"/api/"} []
[2026-03-17T16:12:24.376433+00:00] app.ERROR: Unhandled exception {"method":"GET","path":"/api/","message":"Not Found","exception":"WebApp\\Http\\Exception\\NotFoundHttpException"} []
[2026-03-17T16:12:42.711697+00:00] app.INFO: http.request_received {"method":"GET","path":"/"} []
[2026-03-17T16:12:42.712691+00:00] app.INFO: http.controller_resolved {"controller":"WebApp\\Http\\Controllers\\HomeController::index"} []
[2026-03-17T16:12:42.753471+00:00] app.INFO: http.response_ready {"status":200} []
[2026-03-17T16:12:42.784802+00:00] app.INFO: http.request_received {"method":"GET","path":"/docs"} []
[2026-03-17T16:12:42.785156+00:00] app.INFO: http.controller_resolved {"controller":"WebApp\\Http\\Controllers\\DocsController::index"} []
[2026-03-17T16:12:42.786288+00:00] app.INFO: http.response_ready {"status":200} []
[2026-03-17T16:12:42.813359+00:00] app.INFO: http.request_received {"method":"HEAD","path":"/logo.png"} []
[2026-03-17T16:12:42.814017+00:00] app.ERROR: Unhandled exception {"method":"HEAD","path":"/logo.png","message":"Not Found","exception":"WebApp\\Http\\Exception\\NotFoundHttpException"} []
[2026-03-17T16:13:15.212059+00:00] app.INFO: http.request_received {"method":"GET","path":"/"} []
[2026-03-17T16:13:15.212485+00:00] app.INFO: http.controller_resolved {"controller":"WebApp\\Http\\Controllers\\HomeController::index"} []
[2026-03-17T16:13:15.213405+00:00] app.INFO: http.response_ready {"status":200} []
[2026-03-17T16:13:15.239908+00:00] app.INFO: http.request_received {"method":"GET","path":"/docs"} []
[2026-03-17T16:13:15.240236+00:00] app.INFO: http.controller_resolved {"controller":"WebApp\\Http\\Controllers\\DocsController::index"} []
[2026-03-17T16:13:15.240469+00:00] app.INFO: http.response_ready {"status":200} []
[2026-03-17T16:13:15.267345+00:00] app.INFO: http.request_received {"method":"HEAD","path":"/logo.png"} []
[2026-03-17T16:13:15.267766+00:00] app.ERROR: Unhandled exception {"method":"HEAD","path":"/logo.png","message":"Not Found","exception":"WebApp\\Http\\Exception\\NotFoundHttpException"} []
[2026-03-17T16:13:19.941120+00:00] app.INFO: http.request_received {"method":"GET","path":"/"} []
[2026-03-17T16:13:19.941575+00:00] app.INFO: http.controller_resolved {"controller":"WebApp\\Http\\Controllers\\HomeController::index"} []
[2026-03-17T16:13:19.943071+00:00] app.INFO: http.response_ready {"status":200} []
[2026-03-17T16:13:19.974399+00:00] app.INFO: http.request_received {"method":"GET","path":"/logo.png"} []
[2026-03-17T16:13:19.975270+00:00] app.ERROR: Unhandled exception {"method":"GET","path":"/logo.png","message":"Not Found","exception":"WebApp\\Http\\Exception\\NotFoundHttpException"} []
[2026-03-17T16:13:22.176201+00:00] app.INFO: http.request_received {"method":"GET","path":"/docs"} []
[2026-03-17T16:13:22.176614+00:00] app.INFO: http.controller_resolved {"controller":"WebApp\\Http\\Controllers\\DocsController::index"} []
[2026-03-17T16:13:22.176925+00:00] app.INFO: http.response_ready {"status":200} []
[2026-03-17T16:14:07.745998+00:00] app.INFO: http.request_received {"method":"GET","path":"/"} []
[2026-03-17T16:14:07.746540+00:00] app.INFO: http.controller_resolved {"controller":"WebApp\\Http\\Controllers\\HomeController::index"} []
[2026-03-17T16:14:07.748095+00:00] app.INFO: http.response_ready {"status":200} []
[2026-03-17T16:14:17.053478+00:00] app.INFO: http.request_received {"method":"GET","path":"/"} []
[2026-03-17T16:14:17.053922+00:00] app.INFO: http.controller_resolved {"controller":"WebApp\\Http\\Controllers\\HomeController::index"} []
[2026-03-17T16:14:17.054827+00:00] app.INFO: http.response_ready {"status":200} []
[2026-03-17T16:14:17.083197+00:00] app.INFO: http.request_received {"method":"GET","path":"/docs"} []
[2026-03-17T16:14:17.083607+00:00] app.INFO: http.controller_resolved {"controller":"WebApp\\Http\\Controllers\\DocsController::index"} []
[2026-03-17T16:14:17.084287+00:00] app.INFO: http.response_ready {"status":200} []
[2026-03-17T16:14:45.048191+00:00] app.INFO: http.request_received {"method":"GET","path":"/"} []
[2026-03-17T16:14:45.048688+00:00] app.INFO: http.controller_resolved {"controller":"WebApp\\Http\\Controllers\\HomeController::index"} []
[2026-03-17T16:14:45.065219+00:00] app.INFO: http.response_ready {"status":200} []
[2026-03-17T16:15:25.548210+00:00] app.INFO: http.request_received {"method":"GET","path":"/"} []
[2026-03-17T16:15:25.548733+00:00] app.INFO: http.controller_resolved {"controller":"WebApp\\Http\\Controllers\\HomeController::index"} []
[2026-03-17T16:15:25.550194+00:00] app.INFO: http.response_ready {"status":200} []
[2026-03-17T16:15:57.580100+00:00] app.INFO: http.request_received {"method":"GET","path":"/"} []
[2026-03-17T16:15:57.588564+00:00] app.INFO: http.controller_resolved {"controller":"WebApp\\Http\\Controllers\\HomeController::index"} []
[2026-03-17T16:15:57.625951+00:00] app.INFO: http.response_ready {"status":200} []
[2026-03-17T16:16:15.265398+00:00] app.INFO: http.request_received {"method":"GET","path":"/"} []
[2026-03-17T16:16:15.265972+00:00] app.INFO: http.controller_resolved {"controller":"WebApp\\Http\\Controllers\\HomeController::index"} []
[2026-03-17T16:16:15.267065+00:00] app.INFO: http.response_ready {"status":200} []
[2026-03-17T16:16:41.782978+00:00] app.INFO: http.request_received {"method":"GET","path":"/docs"} []
[2026-03-17T16:16:41.783536+00:00] app.INFO: http.controller_resolved {"controller":"WebApp\\Http\\Controllers\\DocsController::index"} []
[2026-03-17T16:16:41.784148+00:00] app.INFO: http.response_ready {"status":200} []
[2026-03-17T16:17:57.203372+00:00] app.INFO: http.request_received {"method":"GET","path":"/docs"} []
[2026-03-17T16:17:57.203807+00:00] app.INFO: http.controller_resolved {"controller":"WebApp\\Http\\Controllers\\DocsController::index"} []
[2026-03-17T16:17:57.204087+00:00] app.INFO: http.response_ready {"status":200} []
[2026-03-17T16:17:58.051571+00:00] app.INFO: http.request_received {"method":"GET","path":"/docs"} []
[2026-03-17T16:17:58.052132+00:00] app.INFO: http.controller_resolved {"controller":"WebApp\\Http\\Controllers\\DocsController::index"} []
[2026-03-17T16:17:58.052526+00:00] app.INFO: http.response_ready {"status":200} []
[2026-03-17T16:18:09.038264+00:00] app.INFO: http.request_received {"method":"GET","path":"/"} []
[2026-03-17T16:18:09.038849+00:00] app.INFO: http.controller_resolved {"controller":"WebApp\\Http\\Controllers\\HomeController::index"} []
[2026-03-17T16:18:09.051174+00:00] app.INFO: http.response_ready {"status":200} []
[2026-03-17T16:18:12.202512+00:00] app.INFO: http.request_received {"method":"GET","path":"/docs/how-to"} []
[2026-03-17T16:18:12.214140+00:00] app.INFO: http.controller_resolved {"controller":"WebApp\\Http\\Controllers\\DocsController::show"} []
[2026-03-17T16:18:12.217413+00:00] app.INFO: http.response_ready {"status":200} []
[2026-03-17T16:18:22.433988+00:00] app.INFO: http.request_received {"method":"GET","path":"/docs/routing-and-middleware"} []
[2026-03-17T16:18:22.434432+00:00] app.INFO: http.controller_resolved {"controller":"WebApp\\Http\\Controllers\\DocsController::show"} []
[2026-03-17T16:18:22.434799+00:00] app.INFO: http.response_ready {"status":200} []
[2026-03-17T16:18:30.518693+00:00] app.INFO: http.request_received {"method":"GET","path":"/docs/controllers-requests-responses"} []
[2026-03-17T16:18:30.519101+00:00] app.INFO: http.controller_resolved {"controller":"WebApp\\Http\\Controllers\\DocsController::show"} []
[2026-03-17T16:18:30.519627+00:00] app.INFO: http.response_ready {"status":200} []
[2026-03-17T16:18:35.869996+00:00] app.INFO: http.request_received {"method":"GET","path":"/docs/installation-and-quickstart"} []
[2026-03-17T16:18:35.870466+00:00] app.INFO: http.controller_resolved {"controller":"WebApp\\Http\\Controllers\\DocsController::show"} []
[2026-03-17T16:18:35.870748+00:00] app.INFO: http.response_ready {"status":200} []
[2026-03-17T16:18:46.102996+00:00] app.INFO: http.request_received {"method":"GET","path":"/docs/installation-and-quickstart"} []
[2026-03-17T16:18:46.103419+00:00] app.INFO: http.controller_resolved {"controller":"WebApp\\Http\\Controllers\\DocsController::show"} []
[2026-03-17T16:18:46.103694+00:00] app.INFO: http.response_ready {"status":200} []
[2026-03-17T16:19:00.646067+00:00] app.INFO: http.request_received {"method":"GET","path":"/"} []
[2026-03-17T16:19:00.646471+00:00] app.INFO: http.controller_resolved {"controller":"WebApp\\Http\\Controllers\\HomeController::index"} []
[2026-03-17T16:19:00.647691+00:00] app.INFO: http.response_ready {"status":200} []
[2026-03-17T16:19:04.738715+00:00] app.INFO: http.request_received {"method":"GET","path":"/docs"} []
[2026-03-17T16:19:04.739111+00:00] app.INFO: http.controller_resolved {"controller":"WebApp\\Http\\Controllers\\DocsController::index"} []
[2026-03-17T16:19:04.739382+00:00] app.INFO: http.response_ready {"status":200} []
[2026-03-17T16:19:04.760102+00:00] app.INFO: http.request_received {"method":"GET","path":"/docs/installation-and-quickstart"} []
[2026-03-17T16:19:04.760467+00:00] app.INFO: http.controller_resolved {"controller":"WebApp\\Http\\Controllers\\DocsController::show"} []
[2026-03-17T16:19:04.760764+00:00] app.INFO: http.response_ready {"status":200} []
[2026-03-17T16:19:19.172798+00:00] app.INFO: http.request_received {"method":"GET","path":"/"} []
[2026-03-17T16:19:19.173512+00:00] app.INFO: http.controller_resolved {"controller":"WebApp\\Http\\Controllers\\HomeController::index"} []
[2026-03-17T16:19:19.174448+00:00] app.INFO: http.response_ready {"status":200} []
[2026-03-17T16:19:22.369961+00:00] app.INFO: http.request_received {"method":"GET","path":"/docs/installation-and-quickstart"} []
[2026-03-17T16:19:22.370448+00:00] app.INFO: http.controller_resolved {"controller":"WebApp\\Http\\Controllers\\DocsController::show"} []
[2026-03-17T16:19:22.370766+00:00] app.INFO: http.response_ready {"status":200} []
[2026-03-17T16:20:41.996588+00:00] app.INFO: http.request_received {"method":"GET","path":"/docs/installation-and-quickstart"} []
[2026-03-17T16:20:41.997125+00:00] app.INFO: http.controller_resolved {"controller":"WebApp\\Http\\Controllers\\DocsController::show"} []
[2026-03-17T16:20:41.997540+00:00] app.INFO: http.response_ready {"status":200} []
[2026-03-17T16:20:43.004779+00:00] app.INFO: http.request_received {"method":"GET","path":"/docs/installation-and-quickstart"} []
[2026-03-17T16:20:43.005131+00:00] app.INFO: http.controller_resolved {"controller":"WebApp\\Http\\Controllers\\DocsController::show"} []
[2026-03-17T16:20:43.005363+00:00] app.INFO: http.response_ready {"status":200} []
[2026-03-17T16:21:38.212564+00:00] app.INFO: http.request_received {"method":"GET","path":"/"} []
[2026-03-17T16:21:38.213044+00:00] app.INFO: http.controller_resolved {"controller":"WebApp\\Http\\Controllers\\HomeController::index"} []
[2026-03-17T16:21:38.217893+00:00] app.INFO: http.response_ready {"status":200} []
[2026-03-17T16:21:38.240009+00:00] app.INFO: http.request_received {"method":"GET","path":"/docs"} []
[2026-03-17T16:21:38.240397+00:00] app.INFO: http.controller_resolved {"controller":"WebApp\\Http\\Controllers\\DocsController::index"} []
[2026-03-17T16:21:38.291534+00:00] app.INFO: http.response_ready {"status":200} []
[2026-03-17T16:21:40.660360+00:00] app.INFO: http.request_received {"method":"GET","path":"/docs"} []
[2026-03-17T16:21:40.660710+00:00] app.INFO: http.controller_resolved {"controller":"WebApp\\Http\\Controllers\\DocsController::index"} []
[2026-03-17T16:21:40.664828+00:00] app.INFO: http.response_ready {"status":200} []
